7:32:26am::array (
  0 => 'PDO exec:',
  1 => 
  PDOStatement::__set_state(array(
     'queryString' => 'SELECT id FROM email_messages WHERE msg_uid = ?',
  )),
  2 => 
  array (
    0 => '14f5e5909350da07',
  ),
  3 => 
  array (
    0 => '00000',
    1 => NULL,
    2 => NULL,
  ),
  4 => 
  array (
    'id' => '1',
  ),
)
7:32:26am::array (
  0 => 'PDO exec:',
  1 => 
  PDOStatement::__set_state(array(
     'queryString' => 'SELECT id FROM email_messages WHERE msg_uid = ?',
  )),
  2 => 
  array (
    0 => '14f2c3d4719b48a1',
  ),
  3 => 
  array (
    0 => '00000',
    1 => NULL,
    2 => NULL,
  ),
  4 => 
  array (
    'id' => '2',
  ),
)
7:32:26am::array (
  0 => 'PDO exec:',
  1 => 
  PDOStatement::__set_state(array(
     'queryString' => 'SELECT id FROM email_messages WHERE msg_uid = ?',
  )),
  2 => 
  array (
    0 => '14f2bc69211d5c60',
  ),
  3 => 
  array (
    0 => '00000',
    1 => NULL,
    2 => NULL,
  ),
  4 => 
  array (
    'id' => '3',
  ),
)
7:32:26am::array (
  0 => 'PDO exec:',
  1 => 
  PDOStatement::__set_state(array(
     'queryString' => 'SELECT id FROM email_messages WHERE msg_uid = ?',
  )),
  2 => 
  array (
    0 => '14f25ecd79c2d590',
  ),
  3 => 
  array (
    0 => '00000',
    1 => NULL,
    2 => NULL,
  ),
  4 => 
  array (
    'id' => '4',
  ),
)
7:32:26am::array (
  0 => 'PDO exec:',
  1 => 
  PDOStatement::__set_state(array(
     'queryString' => 'SELECT id FROM email_messages WHERE msg_uid = ?',
  )),
  2 => 
  array (
    0 => '14f17c2a256ee4ac',
  ),
  3 => 
  array (
    0 => '00000',
    1 => NULL,
    2 => NULL,
  ),
  4 => 
  array (
    'id' => '5',
  ),
)
7:32:26am::array (
  0 => 'PDO exec:',
  1 => 
  PDOStatement::__set_state(array(
     'queryString' => 'SELECT id FROM email_messages WHERE msg_uid = ?',
  )),
  2 => 
  array (
    0 => '14f07fb274ef6013',
  ),
  3 => 
  array (
    0 => '00000',
    1 => NULL,
    2 => NULL,
  ),
  4 => 
  array (
    'id' => '6',
  ),
)
7:32:26am::array (
  0 => 'PDO exec:',
  1 => 
  PDOStatement::__set_state(array(
     'queryString' => 'SELECT id FROM email_messages WHERE msg_uid = ?',
  )),
  2 => 
  array (
    0 => '14efcc850defa7d9',
  ),
  3 => 
  array (
    0 => '00000',
    1 => NULL,
    2 => NULL,
  ),
  4 => 
  array (
    'id' => '7',
  ),
)
7:32:26am::array (
  0 => 'PDO exec:',
  1 => 
  PDOStatement::__set_state(array(
     'queryString' => 'SELECT id FROM email_messages WHERE msg_uid = ?',
  )),
  2 => 
  array (
    0 => '14efcc789081738d',
  ),
  3 => 
  array (
    0 => '00000',
    1 => NULL,
    2 => NULL,
  ),
  4 => 
  array (
    'id' => '8',
  ),
)
7:32:26am::array (
  0 => 'PDO exec:',
  1 => 
  PDOStatement::__set_state(array(
     'queryString' => 'SELECT id FROM email_messages WHERE msg_uid = ?',
  )),
  2 => 
  array (
    0 => '14ef7f1657d84da8',
  ),
  3 => 
  array (
    0 => '00000',
    1 => NULL,
    2 => NULL,
  ),
  4 => 
  array (
    'id' => '9',
  ),
)
7:32:26am::array (
  0 => 'PDO exec:',
  1 => 
  PDOStatement::__set_state(array(
     'queryString' => 'SELECT id FROM email_messages WHERE msg_uid = ?',
  )),
  2 => 
  array (
    0 => '14ef340ee60574b1',
  ),
  3 => 
  array (
    0 => '00000',
    1 => NULL,
    2 => NULL,
  ),
  4 => 
  array (
    'id' => '10',
  ),
)
7:32:26am::array (
  0 => 'PDO exec:',
  1 => 
  PDOStatement::__set_state(array(
     'queryString' => 'SELECT id FROM email_messages WHERE msg_uid = ?',
  )),
  2 => 
  array (
    0 => '14ef33f81ec8493f',
  ),
  3 => 
  array (
    0 => '00000',
    1 => NULL,
    2 => NULL,
  ),
  4 => 
  array (
    'id' => '11',
  ),
)
7:32:26am::array (
  0 => 'PDO exec:',
  1 => 
  PDOStatement::__set_state(array(
     'queryString' => 'SELECT id FROM email_messages WHERE msg_uid = ?',
  )),
  2 => 
  array (
    0 => '14ee2cb9455ea5f4',
  ),
  3 => 
  array (
    0 => '00000',
    1 => NULL,
    2 => NULL,
  ),
  4 => 
  array (
    'id' => '12',
  ),
)
