2:28:28am::array (
  0 => 'PDO exec:',
  1 => 
  PDOStatement::__set_state(array(
     'queryString' => 'SELECT id FROM email_messages WHERE msg_uid = ?',
  )),
  2 => 
  array (
    0 => '14f686043ec0cdb6',
  ),
  3 => 
  array (
    0 => '00000',
    1 => NULL,
    2 => NULL,
  ),
  4 => 
  array (
    'id' => '13',
  ),
)
2:28:28am::array (
  0 => 'PDO exec:',
  1 => 
  PDOStatement::__set_state(array(
     'queryString' => 'SELECT id FROM email_messages WHERE msg_uid = ?',
  )),
  2 => 
  array (
    0 => '14f077634d374b0c',
  ),
  3 => 
  array (
    0 => '00000',
    1 => NULL,
    2 => NULL,
  ),
  4 => 
  array (
    'id' => '14',
  ),
)
2:28:28am::array (
  0 => 'PDO exec:',
  1 => 
  PDOStatement::__set_state(array(
     'queryString' => 'SELECT id FROM email_messages WHERE msg_uid = ?',
  )),
  2 => 
  array (
    0 => '14efdfb299dcb4fc',
  ),
  3 => 
  array (
    0 => '00000',
    1 => NULL,
    2 => NULL,
  ),
  4 => 
  array (
    'id' => '15',
  ),
)
2:28:28am::array (
  0 => 'PDO exec:',
  1 => 
  PDOStatement::__set_state(array(
     'queryString' => 'SELECT id FROM email_messages WHERE msg_uid = ?',
  )),
  2 => 
  array (
    0 => '14efdfb2979593ab',
  ),
  3 => 
  array (
    0 => '00000',
    1 => NULL,
    2 => NULL,
  ),
  4 => 
  array (
    'id' => '16',
  ),
)
2:28:28am::array (
  0 => 'PDO exec:',
  1 => 
  PDOStatement::__set_state(array(
     'queryString' => 'SELECT id FROM email_messages WHERE msg_uid = ?',
  )),
  2 => 
  array (
    0 => '14efdfb2667ac680',
  ),
  3 => 
  array (
    0 => '00000',
    1 => NULL,
    2 => NULL,
  ),
  4 => 
  array (
    'id' => '17',
  ),
)
