12:59:33am::array (
  0 => 'PDO exec:',
  1 => 
  PDOStatement::__set_state(array(
     'queryString' => 'SELECT orders.id, products.name, orders.created,  products.turnaround_interval FROM orders inner join products on orders.product_id = products.id where order_status_type_id = 6 Limit 0, 1000',
  )),
  2 => 
  array (
  ),
  3 => 
  array (
    0 => '00000',
    1 => NULL,
    2 => NULL,
  ),
  4 => 
  array (
    0 => 
    array (
      'id' => '8869',
      'name' => 'Collateral Point Interior',
      'created' => '2013-07-03 10:26:05',
      'turnaround_interval' => '',
    ),
    1 => 
    array (
      'id' => '8870',
      'name' => 'Collateral Point Interior',
      'created' => '2013-07-03 10:30:54',
      'turnaround_interval' => '',
    ),
    2 => 
    array (
      'id' => '8894',
      'name' => 'Collateral Point Interior',
      'created' => '2013-07-09 00:23:23',
      'turnaround_interval' => '',
    ),
    3 => 
    array (
      'id' => '9118',
      'name' => 'Closing Package',
      'created' => '2013-09-25 20:10:52',
      'turnaround_interval' => '',
    ),
    4 => 
    array (
      'id' => '9156',
      'name' => 'Collateral Point Interior',
      'created' => '2013-10-01 12:46:04',
      'turnaround_interval' => '',
    ),
    5 => 
    array (
      'id' => '9283',
      'name' => 'Closing',
      'created' => '2013-10-14 09:56:42',
      'turnaround_interval' => '',
    ),
    6 => 
    array (
      'id' => '9320',
      'name' => 'Closing',
      'created' => '2013-11-04 15:02:12',
      'turnaround_interval' => '',
    ),
    7 => 
    array (
      'id' => '11786',
      'name' => 'Closing',
      'created' => '2014-09-16 08:15:00',
      'turnaround_interval' => '',
    ),
    8 => 
    array (
      'id' => '11952',
      'name' => 'Veritax 4506 Test',
      'created' => '2015-01-28 18:54:00',
      'turnaround_interval' => '',
    ),
    9 => 
    array (
      'id' => '11953',
      'name' => 'Veritax 4506 Test',
      'created' => '2015-01-29 01:08:00',
      'turnaround_interval' => '',
    ),
  ),
)
12:59:33am::array (
  0 => 'PDO exec:',
  1 => 
  PDOStatement::__set_state(array(
     'queryString' => 'SELECT orders.id, products.name, orders.created,  products.turnaround_interval FROM orders inner join products on orders.product_id = products.id where order_status_type_id = 6 Limit 1000, 1000',
  )),
  2 => 
  array (
  ),
  3 => 
  array (
    0 => '00000',
    1 => NULL,
    2 => NULL,
  ),
  4 => 
  array (
  ),
)
